<?xml version="1.0" encoding="UTF-8"?>
<!-- Generated by org.testng.reporters.JUnitReportReporter -->
<testsuite hostname="Desktop-Monitor-3rd-Floor-room3" failures="0" tests="12" name="com.actitime.testscript.CustomerModule" time="-5109929472.000" errors="3" timestamp="2023-12-23T11:08:10 IST" skipped="9">
  <testcase classname="com.actitime.testscript.CustomerModule" name="modifyCustomer" time="0.000">
    <skipped/>
    <system-out>
      <![CDATA[modifyCustomer method has got skipped]]>
    </system-out>
  </testcase> <!-- modifyCustomer -->
  <testcase classname="com.actitime.testscript.CustomerModule" name="createCustomer" time="0.000">
    <skipped/>
    <system-out>
      <![CDATA[createCustomer method has got skipped]]>
    </system-out>
  </testcase> <!-- createCustomer -->
  <testcase classname="com.actitime.testscript.CustomerModule" name="createCustomer" time="0.000">
    <skipped/>
    <system-out>
      <![CDATA[createCustomer method has got skipped]]>
    </system-out>
  </testcase> <!-- createCustomer -->
  <testcase classname="com.actitime.testscript.CustomerModule" name="modifyCustomer" time="0.000">
    <skipped/>
    <system-out>
      <![CDATA[modifyCustomer method has got skipped]]>
    </system-out>
  </testcase> <!-- modifyCustomer -->
  <testcase classname="com.actitime.testscript.CustomerModule" name="createCustomer" time="0.000">
    <skipped/>
    <system-out>
      <![CDATA[createCustomer method has got skipped]]>
    </system-out>
  </testcase> <!-- createCustomer -->
  <testcase classname="com.actitime.testscript.CustomerModule" name="deleteCustomer" time="0.000">
    <skipped/>
    <system-out>
      <![CDATA[deleteCustomer method has got skipped]]>
    </system-out>
  </testcase> <!-- deleteCustomer -->
  <testcase classname="com.actitime.testscript.CustomerModule" name="modifyCustomer" time="0.001">
    <skipped/>
    <system-out>
      <![CDATA[modifyCustomer method has got skipped]]>
    </system-out>
  </testcase> <!-- modifyCustomer -->
  <testcase classname="com.actitime.testscript.CustomerModule" name="deleteCustomer" time="0.000">
    <skipped/>
    <system-out>
      <![CDATA[deleteCustomer method has got skipped]]>
    </system-out>
  </testcase> <!-- deleteCustomer -->
  <testcase classname="com.actitime.testscript.CustomerModule" name="deleteCustomer" time="0.000">
    <skipped/>
    <system-out>
      <![CDATA[deleteCustomer method has got skipped]]>
    </system-out>
  </testcase> <!-- deleteCustomer -->
  <testcase classname="com.actitime.testscript.CustomerModule" name="openBrowser" time="-1703309824.000">
    <error message="
Parameter &#039;Browser&#039; is required by BeforeTest on method openBrowser but has not been marked @Optional or defined
in C:\Users\QSP\git\repository2\Weekend\CrossBrowserTesting.xml" type="org.testng.TestNGException">
      <![CDATA[org.testng.TestNGException: 
Parameter 'Browser' is required by BeforeTest on method openBrowser but has not been marked @Optional or defined
in C:\Users\QSP\git\repository2\Weekend\CrossBrowserTesting.xml
at org.testng.internal.Parameters.createParams(Parameters.java:267)
at org.testng.internal.Parameters.createParametersForMethod(Parameters.java:355)
at org.testng.internal.Parameters.createParameters(Parameters.java:684)
at org.testng.internal.Parameters.createConfigurationParameters(Parameters.java:166)
at org.testng.internal.invokers.ConfigInvoker.invokeConfigurations(ConfigInvoker.java:306)
at org.testng.TestRunner.invokeTestConfigurations(TestRunner.java:663)
at org.testng.TestRunner.beforeRun(TestRunner.java:652)
at org.testng.TestRunner.run(TestRunner.java:614)
at org.testng.SuiteRunner.runTest(SuiteRunner.java:443)
at org.testng.SuiteRunner$SuiteWorker.run(SuiteRunner.java:481)
at org.testng.internal.thread.ThreadUtil.lambda$execute$0(ThreadUtil.java:58)
at java.base/java.util.concurrent.FutureTask.run(FutureTask.java:264)
at java.base/java.util.concurrent.ThreadPoolExecutor.runWorker(ThreadPoolExecutor.java:1136)
at java.base/java.util.concurrent.ThreadPoolExecutor$Worker.run(ThreadPoolExecutor.java:635)
at java.base/java.lang.Thread.run(Thread.java:842)
]]>
    </error>
  </testcase> <!-- openBrowser -->
  <testcase classname="com.actitime.testscript.CustomerModule" name="openBrowser" time="-1703309824.000">
    <error message="
Parameter &#039;Browser&#039; is required by BeforeTest on method openBrowser but has not been marked @Optional or defined
in C:\Users\QSP\git\repository2\Weekend\CrossBrowserTesting.xml" type="org.testng.TestNGException">
      <![CDATA[org.testng.TestNGException: 
Parameter 'Browser' is required by BeforeTest on method openBrowser but has not been marked @Optional or defined
in C:\Users\QSP\git\repository2\Weekend\CrossBrowserTesting.xml
at org.testng.internal.Parameters.createParams(Parameters.java:267)
at org.testng.internal.Parameters.createParametersForMethod(Parameters.java:355)
at org.testng.internal.Parameters.createParameters(Parameters.java:684)
at org.testng.internal.Parameters.createConfigurationParameters(Parameters.java:166)
at org.testng.internal.invokers.ConfigInvoker.invokeConfigurations(ConfigInvoker.java:306)
at org.testng.TestRunner.invokeTestConfigurations(TestRunner.java:663)
at org.testng.TestRunner.beforeRun(TestRunner.java:652)
at org.testng.TestRunner.run(TestRunner.java:614)
at org.testng.SuiteRunner.runTest(SuiteRunner.java:443)
at org.testng.SuiteRunner$SuiteWorker.run(SuiteRunner.java:481)
at org.testng.internal.thread.ThreadUtil.lambda$execute$0(ThreadUtil.java:58)
at java.base/java.util.concurrent.FutureTask.run(FutureTask.java:264)
at java.base/java.util.concurrent.ThreadPoolExecutor.runWorker(ThreadPoolExecutor.java:1136)
at java.base/java.util.concurrent.ThreadPoolExecutor$Worker.run(ThreadPoolExecutor.java:635)
at java.base/java.lang.Thread.run(Thread.java:842)
]]>
    </error>
  </testcase> <!-- openBrowser -->
  <testcase classname="com.actitime.testscript.CustomerModule" name="openBrowser" time="-1703309824.000">
    <error message="
Parameter &#039;Browser&#039; is required by BeforeTest on method openBrowser but has not been marked @Optional or defined
in C:\Users\QSP\git\repository2\Weekend\CrossBrowserTesting.xml" type="org.testng.TestNGException">
      <![CDATA[org.testng.TestNGException: 
Parameter 'Browser' is required by BeforeTest on method openBrowser but has not been marked @Optional or defined
in C:\Users\QSP\git\repository2\Weekend\CrossBrowserTesting.xml
at org.testng.internal.Parameters.createParams(Parameters.java:267)
at org.testng.internal.Parameters.createParametersForMethod(Parameters.java:355)
at org.testng.internal.Parameters.createParameters(Parameters.java:684)
at org.testng.internal.Parameters.createConfigurationParameters(Parameters.java:166)
at org.testng.internal.invokers.ConfigInvoker.invokeConfigurations(ConfigInvoker.java:306)
at org.testng.TestRunner.invokeTestConfigurations(TestRunner.java:663)
at org.testng.TestRunner.beforeRun(TestRunner.java:652)
at org.testng.TestRunner.run(TestRunner.java:614)
at org.testng.SuiteRunner.runTest(SuiteRunner.java:443)
at org.testng.SuiteRunner$SuiteWorker.run(SuiteRunner.java:481)
at org.testng.internal.thread.ThreadUtil.lambda$execute$0(ThreadUtil.java:58)
at java.base/java.util.concurrent.FutureTask.run(FutureTask.java:264)
at java.base/java.util.concurrent.ThreadPoolExecutor.runWorker(ThreadPoolExecutor.java:1136)
at java.base/java.util.concurrent.ThreadPoolExecutor$Worker.run(ThreadPoolExecutor.java:635)
at java.base/java.lang.Thread.run(Thread.java:842)
]]>
    </error>
  </testcase> <!-- openBrowser -->
  <system-out>
    <![CDATA[createCustomer method has got skipped
createCustomer method has got skipped
createCustomer method has got skipped
deleteCustomer method has got skipped
deleteCustomer method has got skipped
deleteCustomer method has got skipped
modifyCustomer method has got skipped
modifyCustomer method has got skipped
modifyCustomer method has got skipped]]>
  </system-out>
</testsuite> <!-- com.actitime.testscript.CustomerModule -->
